
===========================================================================
report_checks -unconstrained
===========================================================================
======================= Fastest Corner ===================================

Startpoint: _33038_ (rising edge-triggered flip-flop clocked by clk)
Endpoint: uart_tx (output port clocked by clk)
Path Group: clk
Path Type: max
Corner: Fastest

Fanout     Cap    Slew   Delay    Time   Description
-----------------------------------------------------------------------------
                          0.00    0.00   clock clk (rise edge)
                          0.00    0.00   clock source latency
                  0.06    0.06    0.06 ^ clk (in)
     3    0.07                           clk (net)
                  0.08    0.00    0.06 ^ clkbuf_0_clk/A (sky130_fd_sc_hd__clkbuf_16)
                  0.12    0.16    0.22 ^ clkbuf_0_clk/X (sky130_fd_sc_hd__clkbuf_16)
     8    0.14                           clknet_0_clk (net)
                  0.12    0.01    0.23 ^ clkbuf_2_0_0_clk/A (sky130_fd_sc_hd__clkbuf_16)
                  0.10    0.16    0.39 ^ clkbuf_2_0_0_clk/X (sky130_fd_sc_hd__clkbuf_16)
     8    0.12                           clknet_2_0_0_clk (net)
                  0.10    0.01    0.40 ^ clkbuf_4_2_0_clk/A (sky130_fd_sc_hd__clkbuf_16)
                  0.05    0.12    0.52 ^ clkbuf_4_2_0_clk/X (sky130_fd_sc_hd__clkbuf_16)
     4    0.05                           clknet_4_2_0_clk (net)
                  0.05    0.00    0.52 ^ clkbuf_5_5__f_clk/A (sky130_fd_sc_hd__clkbuf_16)
                  0.17    0.19    0.71 ^ clkbuf_5_5__f_clk/X (sky130_fd_sc_hd__clkbuf_16)
    28    0.21                           clknet_5_5__leaf_clk (net)
                  0.18    0.01    0.72 ^ clkbuf_leaf_357_clk/A (sky130_fd_sc_hd__clkbuf_16)
                  0.04    0.13    0.85 ^ clkbuf_leaf_357_clk/X (sky130_fd_sc_hd__clkbuf_16)
     9    0.03                           clknet_leaf_357_clk (net)
                  0.04    0.00    0.85 ^ _33038_/CLK (sky130_fd_sc_hd__dfstp_1)
                  0.16    0.39    1.24 ^ _33038_/Q (sky130_fd_sc_hd__dfstp_1)
     2    0.02                           net3 (net)
                  0.16    0.00    1.25 ^ output3/A (sky130_fd_sc_hd__clkbuf_2)
                  0.08    0.13    1.37 ^ output3/X (sky130_fd_sc_hd__clkbuf_2)
     1    0.02                           uart_tx (net)
                  0.08    0.00    1.38 ^ uart_tx (out)
                                  1.38   data arrival time

                         20.00   20.00   clock clk (rise edge)
                          0.00   20.00   clock network delay (propagated)
                         -0.25   19.75   clock uncertainty
                          0.00   19.75   clock reconvergence pessimism
                         -4.00   15.75   output external delay
                                 15.75   data required time
-----------------------------------------------------------------------------
                                 15.75   data required time
                                 -1.38   data arrival time
-----------------------------------------------------------------------------
                                 14.37   slack (MET)



======================= Slowest Corner ===================================

Startpoint: _29728_ (rising edge-triggered flip-flop clocked by clk)
Endpoint: _30354_ (rising edge-triggered flip-flop clocked by clk)
Path Group: clk
Path Type: max
Corner: Slowest

Fanout     Cap    Slew   Delay    Time   Description
-----------------------------------------------------------------------------
                          0.00    0.00   clock clk (rise edge)
                          0.00    0.00   clock source latency
                  0.14    0.11    0.11 ^ clk (in)
     3    0.07                           clk (net)
                  0.14    0.00    0.11 ^ clkbuf_0_clk/A (sky130_fd_sc_hd__clkbuf_16)
                  0.24    0.39    0.50 ^ clkbuf_0_clk/X (sky130_fd_sc_hd__clkbuf_16)
     8    0.14                           clknet_0_clk (net)
                  0.24    0.01    0.51 ^ clkbuf_2_2_0_clk/A (sky130_fd_sc_hd__clkbuf_16)
                  0.23    0.42    0.94 ^ clkbuf_2_2_0_clk/X (sky130_fd_sc_hd__clkbuf_16)
     8    0.13                           clknet_2_2_0_clk (net)
                  0.23    0.01    0.95 ^ clkbuf_4_9_0_clk/A (sky130_fd_sc_hd__clkbuf_16)
                  0.10    0.33    1.28 ^ clkbuf_4_9_0_clk/X (sky130_fd_sc_hd__clkbuf_16)
     4    0.05                           clknet_4_9_0_clk (net)
                  0.10    0.00    1.28 ^ clkbuf_5_18__f_clk/A (sky130_fd_sc_hd__clkbuf_16)
                  0.29    0.41    1.69 ^ clkbuf_5_18__f_clk/X (sky130_fd_sc_hd__clkbuf_16)
    20    0.18                           clknet_5_18__leaf_clk (net)
                  0.29    0.01    1.70 ^ clkbuf_leaf_327_clk/A (sky130_fd_sc_hd__clkbuf_16)
                  0.09    0.34    2.04 ^ clkbuf_leaf_327_clk/X (sky130_fd_sc_hd__clkbuf_16)
    12    0.04                           clknet_leaf_327_clk (net)
                  0.09    0.00    2.04 ^ _29728_/CLK (sky130_fd_sc_hd__dfxtp_1)
                  0.08    0.62    2.66 v _29728_/Q (sky130_fd_sc_hd__dfxtp_1)
     2    0.01                           u_cpu.instr_sub (net)
                  0.08    0.00    2.66 v hold5162/A (sky130_fd_sc_hd__dlygate4sd3_1)
                  0.18    1.22    3.88 v hold5162/X (sky130_fd_sc_hd__dlygate4sd3_1)
     2    0.01                           net5168 (net)
                  0.18    0.00    3.88 v _18145_/A (sky130_fd_sc_hd__buf_4)
                  0.25    0.47    4.36 v _18145_/X (sky130_fd_sc_hd__buf_4)
    16    0.11                           _05829_ (net)
                  0.25    0.01    4.37 v _18146_/B (sky130_fd_sc_hd__or4_1)
                  0.19    1.25    5.62 v _18146_/X (sky130_fd_sc_hd__or4_1)
     1    0.00                           _05830_ (net)
                  0.19    0.00    5.62 v _18148_/C (sky130_fd_sc_hd__or4_1)
                  0.25    1.25    6.87 v _18148_/X (sky130_fd_sc_hd__or4_1)
     1    0.01                           _05832_ (net)
                  0.25    0.00    6.87 v _18149_/B (sky130_fd_sc_hd__nor2_1)
                  0.37    0.39    7.26 ^ _18149_/Y (sky130_fd_sc_hd__nor2_1)
     1    0.01                           _05833_ (net)
                  0.37    0.00    7.26 ^ _18154_/A (sky130_fd_sc_hd__nand2_2)
                  0.26    0.34    7.60 v _18154_/Y (sky130_fd_sc_hd__nand2_2)
     4    0.03                           _05838_ (net)
                  0.26    0.00    7.61 v _18192_/A (sky130_fd_sc_hd__nand2_1)
                  0.30    0.35    7.95 ^ _18192_/Y (sky130_fd_sc_hd__nand2_1)
     3    0.02                           _05873_ (net)
                  0.30    0.00    7.96 ^ _23560_/A (sky130_fd_sc_hd__nand2_1)
                  0.12    0.21    8.16 v _23560_/Y (sky130_fd_sc_hd__nand2_1)
     1    0.00                           _10059_ (net)
                  0.12    0.00    8.16 v _23563_/A1 (sky130_fd_sc_hd__a21o_1)
                  0.09    0.33    8.50 v _23563_/X (sky130_fd_sc_hd__a21o_1)
     1    0.01                           _10062_ (net)
                  0.09    0.00    8.50 v _23565_/A (sky130_fd_sc_hd__nand2_1)
                  0.07    0.09    8.59 ^ _23565_/Y (sky130_fd_sc_hd__nand2_1)
     1    0.00                           _10064_ (net)
                  0.07    0.00    8.59 ^ hold5093/A (sky130_fd_sc_hd__dlygate4sd3_1)
                  0.11    1.06    9.65 ^ hold5093/X (sky130_fd_sc_hd__dlygate4sd3_1)
     1    0.00                           net5099 (net)
                  0.11    0.00    9.65 ^ _23571_/A (sky130_fd_sc_hd__nand3_1)
                  0.11    0.13    9.78 v _23571_/Y (sky130_fd_sc_hd__nand3_1)
     1    0.00                           _10070_ (net)
                  0.11    0.00    9.78 v hold5094/A (sky130_fd_sc_hd__dlygate4sd3_1)
                  0.12    1.16   10.94 v hold5094/X (sky130_fd_sc_hd__dlygate4sd3_1)
     1    0.00                           net5100 (net)
                  0.12    0.00   10.94 v _23573_/A (sky130_fd_sc_hd__nand3_1)
                  0.10    0.12   11.07 ^ _23573_/Y (sky130_fd_sc_hd__nand3_1)
     1    0.00                           _10072_ (net)
                  0.10    0.00   11.07 ^ hold5095/A (sky130_fd_sc_hd__dlygate4sd3_1)
                  0.12    1.08   12.15 ^ hold5095/X (sky130_fd_sc_hd__dlygate4sd3_1)
     1    0.00                           net5101 (net)
                  0.12    0.00   12.15 ^ _23577_/A (sky130_fd_sc_hd__nand2_1)
                  0.06    0.11   12.25 v _23577_/Y (sky130_fd_sc_hd__nand2_1)
     1    0.00                           _01502_ (net)
                  0.06    0.00   12.25 v hold5096/A (sky130_fd_sc_hd__dlygate4sd3_1)
                  0.10    1.11   13.36 v hold5096/X (sky130_fd_sc_hd__dlygate4sd3_1)
     1    0.00                           net5102 (net)
                  0.10    0.00   13.37 v _30354_/D (sky130_fd_sc_hd__dfxtp_2)
                                 13.37   data arrival time

                         20.00   20.00   clock clk (rise edge)
                          0.00   20.00   clock source latency
                  0.14    0.11   20.11 ^ clk (in)
     3    0.07                           clk (net)
                  0.14    0.00   20.11 ^ clkbuf_0_clk/A (sky130_fd_sc_hd__clkbuf_16)
                  0.24    0.39   20.50 ^ clkbuf_0_clk/X (sky130_fd_sc_hd__clkbuf_16)
     8    0.14                           clknet_0_clk (net)
                  0.24    0.01   20.51 ^ clkbuf_2_2_0_clk/A (sky130_fd_sc_hd__clkbuf_16)
                  0.23    0.42   20.94 ^ clkbuf_2_2_0_clk/X (sky130_fd_sc_hd__clkbuf_16)
     8    0.13                           clknet_2_2_0_clk (net)
                  0.23    0.01   20.95 ^ clkbuf_4_8_0_clk/A (sky130_fd_sc_hd__clkbuf_16)
                  0.11    0.33   21.28 ^ clkbuf_4_8_0_clk/X (sky130_fd_sc_hd__clkbuf_16)
     4    0.05                           clknet_4_8_0_clk (net)
                  0.11    0.00   21.29 ^ clkbuf_5_16__f_clk/A (sky130_fd_sc_hd__clkbuf_16)
                  0.31    0.43   21.72 ^ clkbuf_5_16__f_clk/X (sky130_fd_sc_hd__clkbuf_16)
    24    0.19                           clknet_5_16__leaf_clk (net)
                  0.31    0.01   21.73 ^ clkbuf_leaf_311_clk/A (sky130_fd_sc_hd__clkbuf_16)
                  0.06    0.32   22.05 ^ clkbuf_leaf_311_clk/X (sky130_fd_sc_hd__clkbuf_16)
     4    0.02                           clknet_leaf_311_clk (net)
                  0.06    0.00   22.05 ^ _30354_/CLK (sky130_fd_sc_hd__dfxtp_2)
                         -0.25   21.80   clock uncertainty
                          0.00   21.80   clock reconvergence pessimism
                         -0.29   21.51   library setup time
                                 21.51   data required time
-----------------------------------------------------------------------------
                                 21.51   data required time
                                -13.37   data arrival time
-----------------------------------------------------------------------------
                                  8.14   slack (MET)



======================= Typical Corner ===================================

Startpoint: _33038_ (rising edge-triggered flip-flop clocked by clk)
Endpoint: uart_tx (output port clocked by clk)
Path Group: clk
Path Type: max
Corner: Typical

Fanout     Cap    Slew   Delay    Time   Description
-----------------------------------------------------------------------------
                          0.00    0.00   clock clk (rise edge)
                          0.00    0.00   clock source latency
                  0.09    0.08    0.08 ^ clk (in)
     3    0.07                           clk (net)
                  0.10    0.00    0.08 ^ clkbuf_0_clk/A (sky130_fd_sc_hd__clkbuf_16)
                  0.16    0.23    0.31 ^ clkbuf_0_clk/X (sky130_fd_sc_hd__clkbuf_16)
     8    0.14                           clknet_0_clk (net)
                  0.16    0.01    0.32 ^ clkbuf_2_0_0_clk/A (sky130_fd_sc_hd__clkbuf_16)
                  0.13    0.23    0.55 ^ clkbuf_2_0_0_clk/X (sky130_fd_sc_hd__clkbuf_16)
     8    0.12                           clknet_2_0_0_clk (net)
                  0.13    0.01    0.56 ^ clkbuf_4_2_0_clk/A (sky130_fd_sc_hd__clkbuf_16)
                  0.07    0.18    0.73 ^ clkbuf_4_2_0_clk/X (sky130_fd_sc_hd__clkbuf_16)
     4    0.05                           clknet_4_2_0_clk (net)
                  0.07    0.00    0.74 ^ clkbuf_5_5__f_clk/A (sky130_fd_sc_hd__clkbuf_16)
                  0.23    0.27    1.00 ^ clkbuf_5_5__f_clk/X (sky130_fd_sc_hd__clkbuf_16)
    28    0.21                           clknet_5_5__leaf_clk (net)
                  0.23    0.01    1.02 ^ clkbuf_leaf_357_clk/A (sky130_fd_sc_hd__clkbuf_16)
                  0.06    0.20    1.21 ^ clkbuf_leaf_357_clk/X (sky130_fd_sc_hd__clkbuf_16)
     9    0.03                           clknet_leaf_357_clk (net)
                  0.06    0.00    1.22 ^ _33038_/CLK (sky130_fd_sc_hd__dfstp_1)
                  0.21    0.62    1.84 ^ _33038_/Q (sky130_fd_sc_hd__dfstp_1)
     2    0.02                           net3 (net)
                  0.21    0.00    1.84 ^ output3/A (sky130_fd_sc_hd__clkbuf_2)
                  0.11    0.20    2.04 ^ output3/X (sky130_fd_sc_hd__clkbuf_2)
     1    0.02                           uart_tx (net)
                  0.11    0.00    2.04 ^ uart_tx (out)
                                  2.04   data arrival time

                         20.00   20.00   clock clk (rise edge)
                          0.00   20.00   clock network delay (propagated)
                         -0.25   19.75   clock uncertainty
                          0.00   19.75   clock reconvergence pessimism
                         -4.00   15.75   output external delay
                                 15.75   data required time
-----------------------------------------------------------------------------
                                 15.75   data required time
                                 -2.04   data arrival time
-----------------------------------------------------------------------------
                                 13.71   slack (MET)




===========================================================================
report_checks --slack_max -0.01
============================================================================
======================= Fastest Corner ===================================

No paths found.

======================= Slowest Corner ===================================

No paths found.

======================= Typical Corner ===================================

No paths found.


===========================================================================
 report_check_types -max_slew -max_cap -max_fanout -violators
============================================================================
======================= Fastest Corner ===================================


======================= Slowest Corner ===================================


======================= Typical Corner ===================================



===========================================================================
report_parasitic_annotation -report_unannotated
============================================================================
Found 0 unannotated drivers.
Found 0 partially unannotated drivers.

===========================================================================
max slew violation count 0
max fanout violation count 0
max cap violation count 0
============================================================================

===========================================================================
check_setup -verbose -unconstrained_endpoints -multiple_clock -no_clock -no_input_delay -loops -generated_clocks
===========================================================================
