
===========================================================================
 report_power
============================================================================
======================= Fastest Corner ===================================

Group                  Internal  Switching    Leakage      Total
                          Power      Power      Power      Power (Watts)
----------------------------------------------------------------
Sequential             1.07e-02   1.49e-03   1.82e-06   1.21e-02  29.1%
Combinational          1.25e-02   1.71e-02   2.98e-07   2.96e-02  70.9%
Macro                  0.00e+00   0.00e+00   0.00e+00   0.00e+00   0.0%
Pad                    0.00e+00   0.00e+00   0.00e+00   0.00e+00   0.0%
----------------------------------------------------------------
Total                  2.32e-02   1.86e-02   2.12e-06   4.18e-02 100.0%
                          55.5%      44.5%       0.0%

======================= Slowest Corner ===================================

Group                  Internal  Switching    Leakage      Total
                          Power      Power      Power      Power (Watts)
----------------------------------------------------------------
Sequential             7.17e-03   9.85e-04   5.96e-05   8.22e-03  28.8%
Combinational          8.88e-03   1.13e-02   1.11e-04   2.03e-02  71.2%
Macro                  0.00e+00   0.00e+00   0.00e+00   0.00e+00   0.0%
Pad                    0.00e+00   0.00e+00   0.00e+00   0.00e+00   0.0%
----------------------------------------------------------------
Total                  1.60e-02   1.23e-02   1.71e-04   2.85e-02 100.0%
                          56.2%      43.2%       0.6%

======================= Typical Corner ===================================

Group                  Internal  Switching    Leakage      Total
                          Power      Power      Power      Power (Watts)
----------------------------------------------------------------
Sequential             9.20e-03   1.26e-03   1.80e-06   1.05e-02  29.1%
Combinational          1.10e-02   1.45e-02   1.45e-07   2.54e-02  70.9%
Macro                  0.00e+00   0.00e+00   0.00e+00   0.00e+00   0.0%
Pad                    0.00e+00   0.00e+00   0.00e+00   0.00e+00   0.0%
----------------------------------------------------------------
Total                  2.02e-02   1.57e-02   1.94e-06   3.59e-02 100.0%
                          56.2%      43.8%       0.0%

