
===========================================================================
report_checks -unconstrained
===========================================================================
======================= Fastest Corner ===================================

Startpoint: _33038_ (rising edge-triggered flip-flop clocked by clk)
Endpoint: uart_tx (output port clocked by clk)
Path Group: clk
Path Type: max
Corner: Fastest

Fanout     Cap    Slew   Delay    Time   Description
-----------------------------------------------------------------------------
                          0.00    0.00   clock clk (rise edge)
                          0.00    0.00   clock source latency
                  0.06    0.05    0.05 ^ clk (in)
     3    0.07                           clk (net)
                  0.07    0.00    0.05 ^ clkbuf_0_clk/A (sky130_fd_sc_hd__clkbuf_16)
                  0.11    0.16    0.21 ^ clkbuf_0_clk/X (sky130_fd_sc_hd__clkbuf_16)
     8    0.13                           clknet_0_clk (net)
                  0.11    0.00    0.22 ^ clkbuf_2_0_0_clk/A (sky130_fd_sc_hd__clkbuf_16)
                  0.10    0.16    0.37 ^ clkbuf_2_0_0_clk/X (sky130_fd_sc_hd__clkbuf_16)
     8    0.11                           clknet_2_0_0_clk (net)
                  0.10    0.00    0.38 ^ clkbuf_4_2_0_clk/A (sky130_fd_sc_hd__clkbuf_16)
                  0.05    0.12    0.50 ^ clkbuf_4_2_0_clk/X (sky130_fd_sc_hd__clkbuf_16)
     4    0.05                           clknet_4_2_0_clk (net)
                  0.05    0.00    0.50 ^ clkbuf_5_5__f_clk/A (sky130_fd_sc_hd__clkbuf_16)
                  0.17    0.19    0.69 ^ clkbuf_5_5__f_clk/X (sky130_fd_sc_hd__clkbuf_16)
    28    0.21                           clknet_5_5__leaf_clk (net)
                  0.17    0.01    0.69 ^ clkbuf_leaf_357_clk/A (sky130_fd_sc_hd__clkbuf_16)
                  0.04    0.12    0.82 ^ clkbuf_leaf_357_clk/X (sky130_fd_sc_hd__clkbuf_16)
     9    0.03                           clknet_leaf_357_clk (net)
                  0.04    0.00    0.82 ^ _33038_/CLK (sky130_fd_sc_hd__dfstp_1)
                  0.15    0.39    1.21 ^ _33038_/Q (sky130_fd_sc_hd__dfstp_1)
     2    0.02                           net3 (net)
                  0.15    0.00    1.21 ^ output3/A (sky130_fd_sc_hd__clkbuf_2)
                  0.08    0.13    1.33 ^ output3/X (sky130_fd_sc_hd__clkbuf_2)
     1    0.02                           uart_tx (net)
                  0.08    0.00    1.33 ^ uart_tx (out)
                                  1.33   data arrival time

                         20.00   20.00   clock clk (rise edge)
                          0.00   20.00   clock network delay (propagated)
                         -0.25   19.75   clock uncertainty
                          0.00   19.75   clock reconvergence pessimism
                         -4.00   15.75   output external delay
                                 15.75   data required time
-----------------------------------------------------------------------------
                                 15.75   data required time
                                 -1.33   data arrival time
-----------------------------------------------------------------------------
                                 14.42   slack (MET)



======================= Slowest Corner ===================================

Startpoint: _29728_ (rising edge-triggered flip-flop clocked by clk)
Endpoint: _30354_ (rising edge-triggered flip-flop clocked by clk)
Path Group: clk
Path Type: max
Corner: Slowest

Fanout     Cap    Slew   Delay    Time   Description
-----------------------------------------------------------------------------
                          0.00    0.00   clock clk (rise edge)
                          0.00    0.00   clock source latency
                  0.13    0.10    0.10 ^ clk (in)
     3    0.07                           clk (net)
                  0.13    0.00    0.10 ^ clkbuf_0_clk/A (sky130_fd_sc_hd__clkbuf_16)
                  0.22    0.38    0.48 ^ clkbuf_0_clk/X (sky130_fd_sc_hd__clkbuf_16)
     8    0.13                           clknet_0_clk (net)
                  0.22    0.00    0.49 ^ clkbuf_2_2_0_clk/A (sky130_fd_sc_hd__clkbuf_16)
                  0.21    0.41    0.90 ^ clkbuf_2_2_0_clk/X (sky130_fd_sc_hd__clkbuf_16)
     8    0.13                           clknet_2_2_0_clk (net)
                  0.21    0.01    0.91 ^ clkbuf_4_9_0_clk/A (sky130_fd_sc_hd__clkbuf_16)
                  0.10    0.32    1.23 ^ clkbuf_4_9_0_clk/X (sky130_fd_sc_hd__clkbuf_16)
     4    0.04                           clknet_4_9_0_clk (net)
                  0.10    0.00    1.23 ^ clkbuf_5_18__f_clk/A (sky130_fd_sc_hd__clkbuf_16)
                  0.27    0.40    1.63 ^ clkbuf_5_18__f_clk/X (sky130_fd_sc_hd__clkbuf_16)
    20    0.17                           clknet_5_18__leaf_clk (net)
                  0.27    0.00    1.64 ^ clkbuf_leaf_327_clk/A (sky130_fd_sc_hd__clkbuf_16)
                  0.09    0.34    1.98 ^ clkbuf_leaf_327_clk/X (sky130_fd_sc_hd__clkbuf_16)
    12    0.04                           clknet_leaf_327_clk (net)
                  0.09    0.00    1.98 ^ _29728_/CLK (sky130_fd_sc_hd__dfxtp_1)
                  0.08    0.61    2.59 v _29728_/Q (sky130_fd_sc_hd__dfxtp_1)
     2    0.01                           u_cpu.instr_sub (net)
                  0.08    0.00    2.59 v hold5162/A (sky130_fd_sc_hd__dlygate4sd3_1)
                  0.17    1.21    3.80 v hold5162/X (sky130_fd_sc_hd__dlygate4sd3_1)
     2    0.01                           net5168 (net)
                  0.17    0.00    3.80 v _18145_/A (sky130_fd_sc_hd__buf_4)
                  0.23    0.46    4.26 v _18145_/X (sky130_fd_sc_hd__buf_4)
    16    0.10                           _05829_ (net)
                  0.23    0.01    4.27 v _18146_/B (sky130_fd_sc_hd__or4_1)
                  0.18    1.24    5.51 v _18146_/X (sky130_fd_sc_hd__or4_1)
     1    0.00                           _05830_ (net)
                  0.18    0.00    5.51 v _18148_/C (sky130_fd_sc_hd__or4_1)
                  0.24    1.24    6.74 v _18148_/X (sky130_fd_sc_hd__or4_1)
     1    0.01                           _05832_ (net)
                  0.24    0.00    6.74 v _18149_/B (sky130_fd_sc_hd__nor2_1)
                  0.34    0.37    7.11 ^ _18149_/Y (sky130_fd_sc_hd__nor2_1)
     1    0.01                           _05833_ (net)
                  0.34    0.00    7.11 ^ _18154_/A (sky130_fd_sc_hd__nand2_2)
                  0.24    0.32    7.43 v _18154_/Y (sky130_fd_sc_hd__nand2_2)
     4    0.03                           _05838_ (net)
                  0.24    0.00    7.43 v _18192_/A (sky130_fd_sc_hd__nand2_1)
                  0.29    0.33    7.76 ^ _18192_/Y (sky130_fd_sc_hd__nand2_1)
     3    0.02                           _05873_ (net)
                  0.29    0.00    7.76 ^ _23560_/A (sky130_fd_sc_hd__nand2_1)
                  0.12    0.20    7.96 v _23560_/Y (sky130_fd_sc_hd__nand2_1)
     1    0.00                           _10059_ (net)
                  0.12    0.00    7.96 v _23563_/A1 (sky130_fd_sc_hd__a21o_1)
                  0.08    0.33    8.29 v _23563_/X (sky130_fd_sc_hd__a21o_1)
     1    0.01                           _10062_ (net)
                  0.08    0.00    8.29 v _23565_/A (sky130_fd_sc_hd__nand2_1)
                  0.07    0.09    8.38 ^ _23565_/Y (sky130_fd_sc_hd__nand2_1)
     1    0.00                           _10064_ (net)
                  0.07    0.00    8.38 ^ hold5093/A (sky130_fd_sc_hd__dlygate4sd3_1)
                  0.11    1.06    9.44 ^ hold5093/X (sky130_fd_sc_hd__dlygate4sd3_1)
     1    0.00                           net5099 (net)
                  0.11    0.00    9.44 ^ _23571_/A (sky130_fd_sc_hd__nand3_1)
                  0.11    0.13    9.57 v _23571_/Y (sky130_fd_sc_hd__nand3_1)
     1    0.00                           _10070_ (net)
                  0.11    0.00    9.57 v hold5094/A (sky130_fd_sc_hd__dlygate4sd3_1)
                  0.11    1.15   10.72 v hold5094/X (sky130_fd_sc_hd__dlygate4sd3_1)
     1    0.00                           net5100 (net)
                  0.11    0.00   10.72 v _23573_/A (sky130_fd_sc_hd__nand3_1)
                  0.09    0.12   10.85 ^ _23573_/Y (sky130_fd_sc_hd__nand3_1)
     1    0.00                           _10072_ (net)
                  0.09    0.00   10.85 ^ hold5095/A (sky130_fd_sc_hd__dlygate4sd3_1)
                  0.12    1.08   11.92 ^ hold5095/X (sky130_fd_sc_hd__dlygate4sd3_1)
     1    0.00                           net5101 (net)
                  0.12    0.00   11.92 ^ _23577_/A (sky130_fd_sc_hd__nand2_1)
                  0.06    0.10   12.03 v _23577_/Y (sky130_fd_sc_hd__nand2_1)
     1    0.00                           _01502_ (net)
                  0.06    0.00   12.03 v hold5096/A (sky130_fd_sc_hd__dlygate4sd3_1)
                  0.10    1.11   13.14 v hold5096/X (sky130_fd_sc_hd__dlygate4sd3_1)
     1    0.00                           net5102 (net)
                  0.10    0.00   13.14 v _30354_/D (sky130_fd_sc_hd__dfxtp_2)
                                 13.14   data arrival time

                         20.00   20.00   clock clk (rise edge)
                          0.00   20.00   clock source latency
                  0.13    0.10   20.10 ^ clk (in)
     3    0.07                           clk (net)
                  0.13    0.00   20.10 ^ clkbuf_0_clk/A (sky130_fd_sc_hd__clkbuf_16)
                  0.22    0.38   20.48 ^ clkbuf_0_clk/X (sky130_fd_sc_hd__clkbuf_16)
     8    0.13                           clknet_0_clk (net)
                  0.22    0.00   20.49 ^ clkbuf_2_2_0_clk/A (sky130_fd_sc_hd__clkbuf_16)
                  0.21    0.41   20.90 ^ clkbuf_2_2_0_clk/X (sky130_fd_sc_hd__clkbuf_16)
     8    0.13                           clknet_2_2_0_clk (net)
                  0.21    0.01   20.91 ^ clkbuf_4_8_0_clk/A (sky130_fd_sc_hd__clkbuf_16)
                  0.11    0.33   21.23 ^ clkbuf_4_8_0_clk/X (sky130_fd_sc_hd__clkbuf_16)
     4    0.05                           clknet_4_8_0_clk (net)
                  0.11    0.00   21.24 ^ clkbuf_5_16__f_clk/A (sky130_fd_sc_hd__clkbuf_16)
                  0.30    0.43   21.66 ^ clkbuf_5_16__f_clk/X (sky130_fd_sc_hd__clkbuf_16)
    24    0.19                           clknet_5_16__leaf_clk (net)
                  0.30    0.01   21.67 ^ clkbuf_leaf_311_clk/A (sky130_fd_sc_hd__clkbuf_16)
                  0.06    0.31   21.98 ^ clkbuf_leaf_311_clk/X (sky130_fd_sc_hd__clkbuf_16)
     4    0.01                           clknet_leaf_311_clk (net)
                  0.06    0.00   21.98 ^ _30354_/CLK (sky130_fd_sc_hd__dfxtp_2)
                         -0.25   21.73   clock uncertainty
                          0.00   21.73   clock reconvergence pessimism
                         -0.29   21.44   library setup time
                                 21.44   data required time
-----------------------------------------------------------------------------
                                 21.44   data required time
                                -13.14   data arrival time
-----------------------------------------------------------------------------
                                  8.31   slack (MET)



======================= Typical Corner ===================================

Startpoint: _33038_ (rising edge-triggered flip-flop clocked by clk)
Endpoint: uart_tx (output port clocked by clk)
Path Group: clk
Path Type: max
Corner: Typical

Fanout     Cap    Slew   Delay    Time   Description
-----------------------------------------------------------------------------
                          0.00    0.00   clock clk (rise edge)
                          0.00    0.00   clock source latency
                  0.08    0.07    0.07 ^ clk (in)
     3    0.07                           clk (net)
                  0.09    0.00    0.07 ^ clkbuf_0_clk/A (sky130_fd_sc_hd__clkbuf_16)
                  0.15    0.22    0.29 ^ clkbuf_0_clk/X (sky130_fd_sc_hd__clkbuf_16)
     8    0.13                           clknet_0_clk (net)
                  0.15    0.00    0.30 ^ clkbuf_2_0_0_clk/A (sky130_fd_sc_hd__clkbuf_16)
                  0.13    0.23    0.53 ^ clkbuf_2_0_0_clk/X (sky130_fd_sc_hd__clkbuf_16)
     8    0.11                           clknet_2_0_0_clk (net)
                  0.13    0.00    0.53 ^ clkbuf_4_2_0_clk/A (sky130_fd_sc_hd__clkbuf_16)
                  0.07    0.18    0.71 ^ clkbuf_4_2_0_clk/X (sky130_fd_sc_hd__clkbuf_16)
     4    0.05                           clknet_4_2_0_clk (net)
                  0.07    0.00    0.71 ^ clkbuf_5_5__f_clk/A (sky130_fd_sc_hd__clkbuf_16)
                  0.22    0.27    0.97 ^ clkbuf_5_5__f_clk/X (sky130_fd_sc_hd__clkbuf_16)
    28    0.21                           clknet_5_5__leaf_clk (net)
                  0.22    0.01    0.98 ^ clkbuf_leaf_357_clk/A (sky130_fd_sc_hd__clkbuf_16)
                  0.05    0.19    1.17 ^ clkbuf_leaf_357_clk/X (sky130_fd_sc_hd__clkbuf_16)
     9    0.03                           clknet_leaf_357_clk (net)
                  0.05    0.00    1.18 ^ _33038_/CLK (sky130_fd_sc_hd__dfstp_1)
                  0.20    0.61    1.79 ^ _33038_/Q (sky130_fd_sc_hd__dfstp_1)
     2    0.02                           net3 (net)
                  0.20    0.00    1.79 ^ output3/A (sky130_fd_sc_hd__clkbuf_2)
                  0.11    0.20    1.99 ^ output3/X (sky130_fd_sc_hd__clkbuf_2)
     1    0.02                           uart_tx (net)
                  0.11    0.00    1.99 ^ uart_tx (out)
                                  1.99   data arrival time

                         20.00   20.00   clock clk (rise edge)
                          0.00   20.00   clock network delay (propagated)
                         -0.25   19.75   clock uncertainty
                          0.00   19.75   clock reconvergence pessimism
                         -4.00   15.75   output external delay
                                 15.75   data required time
-----------------------------------------------------------------------------
                                 15.75   data required time
                                 -1.99   data arrival time
-----------------------------------------------------------------------------
                                 13.76   slack (MET)




===========================================================================
report_checks --slack_max -0.01
============================================================================
======================= Fastest Corner ===================================

No paths found.

======================= Slowest Corner ===================================

No paths found.

======================= Typical Corner ===================================

No paths found.


===========================================================================
 report_check_types -max_slew -max_cap -max_fanout -violators
============================================================================
======================= Fastest Corner ===================================


======================= Slowest Corner ===================================


======================= Typical Corner ===================================



===========================================================================
report_parasitic_annotation -report_unannotated
============================================================================
Found 0 unannotated drivers.
Found 0 partially unannotated drivers.

===========================================================================
max slew violation count 0
max fanout violation count 0
max cap violation count 0
============================================================================

===========================================================================
check_setup -verbose -unconstrained_endpoints -multiple_clock -no_clock -no_input_delay -loops -generated_clocks
===========================================================================
