OpenROAD 41a51eaf4ca2171c92ff38afb91eb37bbd3f36da 
This program is licensed under the BSD-3 license. See the LICENSE file for details.
Components of this program may be licensed under more restrictive licenses which must be honored.
[INFO]: Reading ODB at '/openlane/designs/picorv32a_29/runs/RUN_2026.07.09_04.42.29/results/floorplan/top.odb'…
define_corners Typical
read_liberty -corner Typical /openlane/pdks/sky130A/libs.ref/sky130_fd_sc_hd/lib/sky130_fd_sc_hd__tt_025C_1v80.lib
Using 1e-12 for capacitance...
Using 1e+03 for resistance...
Using 1e-09 for time...
Using 1e+00 for voltage...
Using 1e-03 for current...
Using 1e-09 for power...
Using 1e-06 for distance...
Reading design constraints file at '/openlane/designs/picorv32a_29/runs/RUN_2026.07.09_04.42.29/tmp/floorplan/3-initial_fp.sdc'…
[INFO]: Setting RC values...
[INFO]: Setting signal min routing layer to: met1 and clock min routing layer to met3. 
[INFO]: Setting signal max routing layer to: met4 and clock max routing layer to met4. 
[INFO GPL-0002] DBU: 1000
[INFO GPL-0003] SiteSize: 460 2720
[INFO GPL-0004] CoreAreaLxLy: 5520 10880
[INFO GPL-0005] CoreAreaUxUy: 994060 987360
[INFO GPL-0006] NumInstances: 33020
[INFO GPL-0007] NumPlaceInstances: 18584
[INFO GPL-0008] NumFixedInstances: 14436
[INFO GPL-0009] NumDummyInstances: 0
[INFO GPL-0010] NumNets: 18587
[INFO GPL-0011] NumPins: 64736
[INFO GPL-0012] DieAreaLxLy: 0 0
[INFO GPL-0013] DieAreaUxUy: 1000000 1000000
[INFO GPL-0014] CoreAreaLxLy: 5520 10880
[INFO GPL-0015] CoreAreaUxUy: 994060 987360
[INFO GPL-0016] CoreArea: 965289539200
[INFO GPL-0017] NonPlaceInstsArea: 19859046400
[INFO GPL-0018] PlaceInstsArea: 303358444800
[INFO GPL-0019] Util(%): 32.09
[INFO GPL-0020] StdInstsArea: 303358444800
[INFO GPL-0021] MacroInstsArea: 0
[InitialPlace]  Iter: 1 CG residual: 0.00002703 HPWL: 160376740
[InitialPlace]  Iter: 2 CG residual: 0.00001942 HPWL: 172286105
[InitialPlace]  Iter: 3 CG residual: 0.00001800 HPWL: 172472895
[InitialPlace]  Iter: 4 CG residual: 0.00001548 HPWL: 173001723
[InitialPlace]  Iter: 5 CG residual: 0.00001285 HPWL: 172799782
[InitialPlace]  Iter: 6 CG residual: 0.00001272 HPWL: 173113359
[InitialPlace]  Iter: 7 CG residual: 0.00001286 HPWL: 172847833
[InitialPlace]  Iter: 8 CG residual: 0.00001032 HPWL: 173139661
[InitialPlace]  Iter: 9 CG residual: 0.00001028 HPWL: 172879553
[InitialPlace]  Iter: 10 CG residual: 0.00000949 HPWL: 173145320
[INFO GPL-0031] FillerInit: NumGCells: 37937
[INFO GPL-0032] FillerInit: NumGNets: 18587
[INFO GPL-0033] FillerInit: NumGPins: 64736
[INFO GPL-0023] TargetDensity: 0.65
[INFO GPL-0024] AveragePlaceInstArea: 16323635
[INFO GPL-0025] IdealBinArea: 25113286
[INFO GPL-0026] IdealBinCnt: 38437
[INFO GPL-0027] TotalBinArea: 965289539200
[INFO GPL-0028] BinCnt: 128 128
[INFO GPL-0029] BinSize: 7723 7629
[INFO GPL-0030] NumBins: 16384
[NesterovSolve] Iter: 1 overflow: 0.998513 HPWL: 41374130
[NesterovSolve] Iter: 10 overflow: 0.996425 HPWL: 34189844
[NesterovSolve] Iter: 20 overflow: 0.995047 HPWL: 34656370
[NesterovSolve] Iter: 30 overflow: 0.993968 HPWL: 35115701
[NesterovSolve] Iter: 40 overflow: 0.993272 HPWL: 35494621
[NesterovSolve] Iter: 50 overflow: 0.992991 HPWL: 35869232
[NesterovSolve] Iter: 60 overflow: 0.992396 HPWL: 36206856
[NesterovSolve] Iter: 70 overflow: 0.992195 HPWL: 36471242
[NesterovSolve] Iter: 80 overflow: 0.991879 HPWL: 36647898
[NesterovSolve] Iter: 90 overflow: 0.991927 HPWL: 36770389
[NesterovSolve] Iter: 100 overflow: 0.992017 HPWL: 36907364
[NesterovSolve] Iter: 110 overflow: 0.991909 HPWL: 37228433
[NesterovSolve] Iter: 120 overflow: 0.991802 HPWL: 37992888
[NesterovSolve] Iter: 130 overflow: 0.991208 HPWL: 39471670
[NesterovSolve] Iter: 140 overflow: 0.990493 HPWL: 42179778
[NesterovSolve] Iter: 150 overflow: 0.989491 HPWL: 46766777
[NesterovSolve] Iter: 160 overflow: 0.987684 HPWL: 53867088
[NesterovSolve] Iter: 170 overflow: 0.984577 HPWL: 65609954
[NesterovSolve] Iter: 180 overflow: 0.980624 HPWL: 84007703
[NesterovSolve] Iter: 190 overflow: 0.972465 HPWL: 106177116
[NesterovSolve] Iter: 200 overflow: 0.964565 HPWL: 128556811
[NesterovSolve] Iter: 210 overflow: 0.955121 HPWL: 152715389
[NesterovSolve] Iter: 220 overflow: 0.940477 HPWL: 183115912
[NesterovSolve] Iter: 230 overflow: 0.921431 HPWL: 218455289
[NesterovSolve] Iter: 240 overflow: 0.897145 HPWL: 254647422
[NesterovSolve] Iter: 250 overflow: 0.870828 HPWL: 293403016
[NesterovSolve] Iter: 260 overflow: 0.841038 HPWL: 337058193
[NesterovSolve] Iter: 270 overflow: 0.807283 HPWL: 379613029
[INFO GPL-0100] worst slack 1.51e-08
[INFO GPL-0103] Weighted 1858 nets.
[NesterovSolve] Iter: 280 overflow: 0.772869 HPWL: 416748461
[NesterovSolve] Iter: 290 overflow: 0.73485 HPWL: 453310417
[NesterovSolve] Iter: 300 overflow: 0.691926 HPWL: 492090288
[NesterovSolve] Iter: 310 overflow: 0.649121 HPWL: 523756952
[INFO GPL-0100] worst slack 1.51e-08
[INFO GPL-0103] Weighted 1858 nets.
[NesterovSolve] Iter: 320 overflow: 0.603357 HPWL: 552598100
[NesterovSolve] Snapshot saved at iter = 320
[NesterovSolve] Iter: 330 overflow: 0.556715 HPWL: 574559952
[NesterovSolve] Iter: 340 overflow: 0.507632 HPWL: 595798218
[INFO GPL-0100] worst slack 1.51e-08
[INFO GPL-0103] Weighted 1858 nets.
[NesterovSolve] Iter: 350 overflow: 0.459733 HPWL: 611509241
[NesterovSolve] Iter: 360 overflow: 0.414294 HPWL: 620287356
[NesterovSolve] Iter: 370 overflow: 0.367379 HPWL: 626612572
[NesterovSolve] Iter: 380 overflow: 0.324434 HPWL: 629996166
[NesterovSolve] Iter: 390 overflow: 0.29382 HPWL: 631626753
[INFO GPL-0100] worst slack 1.51e-08
[INFO GPL-0103] Weighted 1857 nets.
[NesterovSolve] Iter: 400 overflow: 0.260242 HPWL: 634335539
[NesterovSolve] Iter: 410 overflow: 0.230663 HPWL: 636022805
[INFO GPL-0100] worst slack 1.51e-08
[INFO GPL-0103] Weighted 1858 nets.
[NesterovSolve] Iter: 420 overflow: 0.201333 HPWL: 638124364
[INFO GPL-0075] Routability numCall: 1 inflationIterCnt: 1 bloatIterCnt: 0
[INFO GPL-0036] TileLxLy: 0 0
[INFO GPL-0037] TileSize: 6900 6900
[INFO GPL-0038] TileCnt: 144 144
[INFO GPL-0039] numRoutingLayers: 6
[INFO GPL-0040] NumTiles: 20736
[INFO GPL-0063] TotalRouteOverflowH2: 0.5
[INFO GPL-0064] TotalRouteOverflowV2: 0.0
[INFO GPL-0065] OverflowTileCnt2: 2
[INFO GPL-0066] 0.5%RC: 1.0024630541871922
[INFO GPL-0067] 1.0%RC: 1.0012345679012347
[INFO GPL-0068] 2.0%RC: 0.9859703302530777
[INFO GPL-0069] 5.0%RC: 0.9170375856046743
[INFO GPL-0070] 0.5rcK: 1.0
[INFO GPL-0071] 1.0rcK: 1.0
[INFO GPL-0072] 2.0rcK: 0.0
[INFO GPL-0073] 5.0rcK: 0.0
[INFO GPL-0074] FinalRC: 1.0018488
[NesterovSolve] Iter: 430 overflow: 0.17469 HPWL: 639867313
[NesterovSolve] Iter: 440 overflow: 0.15018 HPWL: 641414061
[INFO GPL-0100] worst slack 1.51e-08
[INFO GPL-0103] Weighted 1857 nets.
[NesterovSolve] Iter: 450 overflow: 0.128106 HPWL: 642874051
[NesterovSolve] Iter: 460 overflow: 0.110198 HPWL: 644539238
[NesterovSolve] Finished with Overflow: 0.098890
Setting global connections for newly added cells…
Writing OpenROAD database to '/openlane/designs/picorv32a_29/runs/RUN_2026.07.09_04.42.29/tmp/placement/7-global.odb'…
Writing netlist to '/openlane/designs/picorv32a_29/runs/RUN_2026.07.09_04.42.29/tmp/placement/7-global.nl.v'…
Writing powered netlist to '/openlane/designs/picorv32a_29/runs/RUN_2026.07.09_04.42.29/tmp/placement/7-global.pnl.v'…
Writing layout to '/openlane/designs/picorv32a_29/runs/RUN_2026.07.09_04.42.29/tmp/placement/7-global.def'…
