OpenROAD 41a51eaf4ca2171c92ff38afb91eb37bbd3f36da 
This program is licensed under the BSD-3 license. See the LICENSE file for details.
Components of this program may be licensed under more restrictive licenses which must be honored.
[INFO]: Reading ODB at '/openlane/designs/picorv32a_29/runs/RUN_2026.07.09_04.42.29/tmp/placement/7-global.odb'…
define_corners Slowest Typical Fastest
read_liberty -corner Slowest /openlane/pdks/sky130A/libs.ref/sky130_fd_sc_hd/lib/sky130_fd_sc_hd__ss_100C_1v60.lib
read_liberty -corner Typical /openlane/pdks/sky130A/libs.ref/sky130_fd_sc_hd/lib/sky130_fd_sc_hd__tt_025C_1v80.lib
read_liberty -corner Fastest /openlane/pdks/sky130A/libs.ref/sky130_fd_sc_hd/lib/sky130_fd_sc_hd__ff_n40C_1v95.lib
Using 1e-12 for capacitance...
Using 1e+03 for resistance...
Using 1e-09 for time...
Using 1e+00 for voltage...
Using 1e-03 for current...
Using 1e-09 for power...
Using 1e-06 for distance...
Reading design constraints file at '/openlane/designs/picorv32a_29/runs/RUN_2026.07.09_04.42.29/tmp/floorplan/3-initial_fp.sdc'…
[INFO]: Setting RC values...
[INFO RSZ-0027] Inserted 2 input buffers.
[INFO RSZ-0028] Inserted 1 output buffers.
[WARNING RSZ-0065] max wire length less than 4508u increases wire delays.
[INFO RSZ-0037] Found 3 long wires.
[INFO RSZ-0038] Inserted 3 buffers in 3 nets.
[INFO RSZ-0039] Resized 17067 instances.
Placement Analysis
---------------------------------
total displacement      45753.4 u
average displacement        1.4 u
max displacement           11.9 u
original HPWL          646865.3 u
legalized HPWL         688433.8 u
delta HPWL                    6 %

[INFO DPL-0020] Mirrored 5469 instances
[INFO DPL-0021] HPWL before          688433.8 u
[INFO DPL-0022] HPWL after           679213.2 u
[INFO DPL-0023] HPWL delta               -1.3 %
Setting global connections for newly added cells…
Writing OpenROAD database to '/openlane/designs/picorv32a_29/runs/RUN_2026.07.09_04.42.29/tmp/placement/9-resizer.odb'…
Writing netlist to '/openlane/designs/picorv32a_29/runs/RUN_2026.07.09_04.42.29/tmp/placement/9-resizer.nl.v'…
Writing powered netlist to '/openlane/designs/picorv32a_29/runs/RUN_2026.07.09_04.42.29/tmp/placement/9-resizer.pnl.v'…
Writing layout to '/openlane/designs/picorv32a_29/runs/RUN_2026.07.09_04.42.29/tmp/placement/9-resizer.def'…
Writing timing constraints to '/openlane/designs/picorv32a_29/runs/RUN_2026.07.09_04.42.29/tmp/placement/9-resizer.sdc'…
area_report

===========================================================================
report_design_area
============================================================================
Design area 218556 u^2 23% utilization.
area_report_end
