
===========================================================================
 report_power
============================================================================
======================= Fastest Corner ===================================

Group                  Internal  Switching    Leakage      Total
                          Power      Power      Power      Power (Watts)
----------------------------------------------------------------
Sequential             1.07e-02   1.40e-03   1.82e-06   1.21e-02  29.7%
Combinational          1.25e-02   1.60e-02   2.98e-07   2.85e-02  70.3%
Macro                  0.00e+00   0.00e+00   0.00e+00   0.00e+00   0.0%
Pad                    0.00e+00   0.00e+00   0.00e+00   0.00e+00   0.0%
----------------------------------------------------------------
Total                  2.32e-02   1.74e-02   2.12e-06   4.06e-02 100.0%
                          57.1%      42.9%       0.0%

======================= Slowest Corner ===================================

Group                  Internal  Switching    Leakage      Total
                          Power      Power      Power      Power (Watts)
----------------------------------------------------------------
Sequential             7.18e-03   9.20e-04   5.96e-05   8.16e-03  29.4%
Combinational          8.87e-03   1.06e-02   1.11e-04   1.96e-02  70.6%
Macro                  0.00e+00   0.00e+00   0.00e+00   0.00e+00   0.0%
Pad                    0.00e+00   0.00e+00   0.00e+00   0.00e+00   0.0%
----------------------------------------------------------------
Total                  1.60e-02   1.15e-02   1.71e-04   2.78e-02 100.0%
                          57.8%      41.6%       0.6%

======================= Typical Corner ===================================

Group                  Internal  Switching    Leakage      Total
                          Power      Power      Power      Power (Watts)
----------------------------------------------------------------
Sequential             9.20e-03   1.18e-03   1.80e-06   1.04e-02  29.7%
Combinational          1.10e-02   1.36e-02   1.45e-07   2.45e-02  70.3%
Macro                  0.00e+00   0.00e+00   0.00e+00   0.00e+00   0.0%
Pad                    0.00e+00   0.00e+00   0.00e+00   0.00e+00   0.0%
----------------------------------------------------------------
Total                  2.02e-02   1.47e-02   1.94e-06   3.49e-02 100.0%
                          57.8%      42.2%       0.0%

