
69. Printing statistics.

=== top ===

   Number of wires:              18587
   Number of wire bits:          18587
   Number of public wires:        3975
   Number of public wire bits:    3975
   Number of memories:               0
   Number of memory bits:            0
   Number of processes:              0
   Number of cells:              18584
     sky130_fd_sc_hd__a2111o_2      65
     sky130_fd_sc_hd__a2111oi_2    129
     sky130_fd_sc_hd__a211o_2       85
     sky130_fd_sc_hd__a211oi_2      59
     sky130_fd_sc_hd__a21bo_2       58
     sky130_fd_sc_hd__a21boi_2      33
     sky130_fd_sc_hd__a21o_2       179
     sky130_fd_sc_hd__a21oi_2      224
     sky130_fd_sc_hd__a21oi_4        1
     sky130_fd_sc_hd__a221o_2      188
     sky130_fd_sc_hd__a221oi_2       1
     sky130_fd_sc_hd__a22o_2       346
     sky130_fd_sc_hd__a22oi_2        2
     sky130_fd_sc_hd__a2bb2o_2      12
     sky130_fd_sc_hd__a311o_2        9
     sky130_fd_sc_hd__a31o_2       180
     sky130_fd_sc_hd__a32o_2        88
     sky130_fd_sc_hd__a32oi_2        1
     sky130_fd_sc_hd__a41o_2         5
     sky130_fd_sc_hd__a41oi_2        1
     sky130_fd_sc_hd__and2_2       143
     sky130_fd_sc_hd__and2b_2       35
     sky130_fd_sc_hd__and3_2      1040
     sky130_fd_sc_hd__and3b_2       13
     sky130_fd_sc_hd__and4_2        46
     sky130_fd_sc_hd__and4b_2        6
     sky130_fd_sc_hd__buf_1       1627
     sky130_fd_sc_hd__buf_2         63
     sky130_fd_sc_hd__buf_4         11
     sky130_fd_sc_hd__buf_6          4
     sky130_fd_sc_hd__conb_1         2
     sky130_fd_sc_hd__dfrtp_2      359
     sky130_fd_sc_hd__dfstp_2       10
     sky130_fd_sc_hd__dfxtp_2     3579
     sky130_fd_sc_hd__inv_2       1002
     sky130_fd_sc_hd__mux2_2      5392
     sky130_fd_sc_hd__nand2_2     1758
     sky130_fd_sc_hd__nand2_4        2
     sky130_fd_sc_hd__nand3_2      156
     sky130_fd_sc_hd__nand3b_2      21
     sky130_fd_sc_hd__nor2_2       498
     sky130_fd_sc_hd__nor2_4        11
     sky130_fd_sc_hd__nor2b_2        2
     sky130_fd_sc_hd__nor3_2        14
     sky130_fd_sc_hd__o2111a_2       2
     sky130_fd_sc_hd__o2111ai_2      2
     sky130_fd_sc_hd__o211a_2       25
     sky130_fd_sc_hd__o211ai_2      10
     sky130_fd_sc_hd__o21a_2        70
     sky130_fd_sc_hd__o21ai_2      216
     sky130_fd_sc_hd__o21ba_2        1
     sky130_fd_sc_hd__o21bai_2       1
     sky130_fd_sc_hd__o221a_2       21
     sky130_fd_sc_hd__o221ai_2      10
     sky130_fd_sc_hd__o22a_2        53
     sky130_fd_sc_hd__o22ai_2        2
     sky130_fd_sc_hd__o2bb2a_2      13
     sky130_fd_sc_hd__o2bb2ai_2      1
     sky130_fd_sc_hd__o311a_2        2
     sky130_fd_sc_hd__o31a_2         8
     sky130_fd_sc_hd__o31ai_2        5
     sky130_fd_sc_hd__o32a_2        25
     sky130_fd_sc_hd__o41a_2         1
     sky130_fd_sc_hd__or2_2        180
     sky130_fd_sc_hd__or2_4          9
     sky130_fd_sc_hd__or2b_2        81
     sky130_fd_sc_hd__or3_2        100
     sky130_fd_sc_hd__or3b_2        23
     sky130_fd_sc_hd__or4_2        209
     sky130_fd_sc_hd__or4_4          2
     sky130_fd_sc_hd__or4b_2         1
     sky130_fd_sc_hd__xnor2_2       22
     sky130_fd_sc_hd__xor2_2        29

   Chip area for module '\top': 210349.241600

