Thu Jul 09 04:42:33 UTC 2026 - Executing "openroad -exit -no_init -python /openlane/scripts/odbpy/lefutil.py get_metal_layers -o /openlane/designs/picorv32a_29/runs/RUN_2026.07.09_04.42.29/tmp/layers.list /openlane/pdks/sky130A/libs.ref/sky130_fd_sc_hd/techlef/sky130_fd_sc_hd__nom.tlef"

Thu Jul 09 04:42:34 UTC 2026 - Executing "/openlane/scripts/mergeLef.py -o /openlane/designs/picorv32a_29/runs/RUN_2026.07.09_04.42.29/tmp/merged.nom.lef -i /openlane/pdks/sky130A/libs.ref/sky130_fd_sc_hd/techlef/sky130_fd_sc_hd__nom.tlef {/openlane/pdks/sky130A/libs.ref/sky130_fd_sc_hd/lef/sky130_ef_sc_hd.lef /openlane/pdks/sky130A/libs.ref/sky130_fd_sc_hd/lef/sky130_fd_sc_hd.lef} |& tee /dev/null"

Thu Jul 09 04:42:34 UTC 2026 - Executing "/openlane/scripts/mergeLef.py -o /openlane/designs/picorv32a_29/runs/RUN_2026.07.09_04.42.29/tmp/merged.min.lef -i /openlane/pdks/sky130A/libs.ref/sky130_fd_sc_hd/techlef/sky130_fd_sc_hd__min.tlef {/openlane/pdks/sky130A/libs.ref/sky130_fd_sc_hd/lef/sky130_ef_sc_hd.lef /openlane/pdks/sky130A/libs.ref/sky130_fd_sc_hd/lef/sky130_fd_sc_hd.lef} |& tee /dev/null"

Thu Jul 09 04:42:35 UTC 2026 - Executing "/openlane/scripts/mergeLef.py -o /openlane/designs/picorv32a_29/runs/RUN_2026.07.09_04.42.29/tmp/merged.max.lef -i /openlane/pdks/sky130A/libs.ref/sky130_fd_sc_hd/techlef/sky130_fd_sc_hd__max.tlef {/openlane/pdks/sky130A/libs.ref/sky130_fd_sc_hd/lef/sky130_ef_sc_hd.lef /openlane/pdks/sky130A/libs.ref/sky130_fd_sc_hd/lef/sky130_fd_sc_hd.lef} |& tee /dev/null"

Thu Jul 09 04:42:35 UTC 2026 - Executing "python3 /openlane/scripts/mergeLib.py --output /openlane/designs/picorv32a_29/runs/RUN_2026.07.09_04.42.29/tmp/synthesis/merged.lib --name sky130A_merged /openlane/pdks/sky130A/libs.ref/sky130_fd_sc_hd/lib/sky130_fd_sc_hd__tt_025C_1v80.lib"

Thu Jul 09 04:42:36 UTC 2026 - Executing "python3 /openlane/scripts/libtrim.py --cell-file /openlane/designs/picorv32a_29/runs/RUN_2026.07.09_04.42.29/tmp/synthesis/trimmed.lib.exclude.list --output /openlane/designs/picorv32a_29/runs/RUN_2026.07.09_04.42.29/tmp/synthesis/trimmed.lib /openlane/designs/picorv32a_29/runs/RUN_2026.07.09_04.42.29/tmp/synthesis/merged.lib"

Thu Jul 09 04:42:37 UTC 2026 - Executing "python3 /openlane/scripts/libtrim.py --cell-file /openlane/designs/picorv32a_29/runs/RUN_2026.07.09_04.42.29/tmp/cts/cts.lib.exclude.list --output /openlane/designs/picorv32a_29/runs/RUN_2026.07.09_04.42.29/tmp/cts/cts.lib /openlane/pdks/sky130A/libs.ref/sky130_fd_sc_hd/lib/sky130_fd_sc_hd__tt_025C_1v80.lib"

Thu Jul 09 04:42:37 UTC 2026 - Executing "python3 /openlane/scripts/libtrim.py --cell-file /openlane/designs/picorv32a_29/runs/RUN_2026.07.09_04.42.29/tmp/cts/cts-fastest.lib.exclude.list --output /openlane/designs/picorv32a_29/runs/RUN_2026.07.09_04.42.29/tmp/cts/cts-fastest.lib /openlane/pdks/sky130A/libs.ref/sky130_fd_sc_hd/lib/sky130_fd_sc_hd__ff_n40C_1v95.lib"

Thu Jul 09 04:42:38 UTC 2026 - Executing "python3 /openlane/scripts/libtrim.py --cell-file /openlane/designs/picorv32a_29/runs/RUN_2026.07.09_04.42.29/tmp/cts/cts-slowest.lib.exclude.list --output /openlane/designs/picorv32a_29/runs/RUN_2026.07.09_04.42.29/tmp/cts/cts-slowest.lib /openlane/pdks/sky130A/libs.ref/sky130_fd_sc_hd/lib/sky130_fd_sc_hd__ss_100C_1v60.lib"

Thu Jul 09 04:42:38 UTC 2026 - Executing "python3 /openlane/scripts/new_tracks.py -i /openlane/pdks/sky130A/libs.tech/openlane/sky130_fd_sc_hd/tracks.info -o /openlane/designs/picorv32a_29/runs/RUN_2026.07.09_04.42.29/tmp/routing/config.tracks"

Thu Jul 09 04:42:39 UTC 2026 - Executing "echo {OpenLane ff5509f65b17bfa4068d5336495ab1718987ff69} > /openlane/designs/picorv32a_29/runs/RUN_2026.07.09_04.42.29/OPENLANE_COMMIT"

Thu Jul 09 04:42:39 UTC 2026 - Executing "bash -c {verilator  --lint-only  -Wall  --Wno-DECLFILENAME  --top-module top  /openlane/designs/picorv32a_29/src/picorv32.v /openlane/designs/picorv32a_29/src/rom.v /openlane/designs/picorv32a_29/src/axi_lite_interconnect.v /openlane/designs/picorv32a_29/src/uart_axi.v /openlane/designs/picorv32a_29/src/uart_rx.v /openlane/designs/picorv32a_29/src/axi_decoder.v /openlane/designs/picorv32a_29/src/uart_tx.v /openlane/designs/picorv32a_29/src/top.v /openlane/designs/picorv32a_29/src/sram.v -Wno-fatal --relative-includes |& tee /openlane/designs/picorv32a_29/runs/RUN_2026.07.09_04.42.29/logs/synthesis/linter.log /dev/null}"

Thu Jul 09 04:42:41 UTC 2026 - Executing "sed -E {s/^([[:space:]]+)pg_pin(.*)/\1pin\2\n\1    direction : "inout";/g} /openlane/pdks/sky130A/libs.ref/sky130_fd_sc_hd/lib/sky130_fd_sc_hd__tt_025C_1v80.lib > /openlane/designs/picorv32a_29/runs/RUN_2026.07.09_04.42.29/tmp/synthesis/1-sky130_fd_sc_hd__tt_025C_1v80.no_pg.lib"

Thu Jul 09 04:42:42 UTC 2026 - Executing "sed -E {s/^([[:space:]]+)pg_pin(.*)/\1pin\2\n\1    direction : "inout";/g} /openlane/designs/picorv32a_29/runs/RUN_2026.07.09_04.42.29/tmp/synthesis/trimmed.lib > /openlane/designs/picorv32a_29/runs/RUN_2026.07.09_04.42.29/tmp/synthesis/1-trimmed.no_pg.lib"

Thu Jul 09 04:42:42 UTC 2026 - Executing "yosys -c /openlane/scripts/yosys/synth.tcl |& tee /dev/null /openlane/designs/picorv32a_29/runs/RUN_2026.07.09_04.42.29/logs/synthesis/1-synthesis.log"

Thu Jul 09 04:45:32 UTC 2026 - Executing "sed -i.bak -e {s/\(set ::env(CURRENT_NETLIST)\).*/\1 \/openlane\/designs\/picorv32a_29\/runs\/RUN_2026.07.09_04.42.29\/results\/synthesis\/top.v/} /openlane/designs/picorv32a_29/runs/RUN_2026.07.09_04.42.29/config.tcl"

Thu Jul 09 04:45:32 UTC 2026 - Executing "sed -i.bak /defparam/d /openlane/designs/picorv32a_29/runs/RUN_2026.07.09_04.42.29/results/synthesis/top.v"

Thu Jul 09 04:45:40 UTC 2026 - Executing "sta -exit -no_init /openlane/scripts/openroad/sta/multi_corner.tcl |& tee /dev/null /openlane/designs/picorv32a_29/runs/RUN_2026.07.09_04.42.29/logs/synthesis/2-sta.log"

Thu Jul 09 04:45:56 UTC 2026 - Executing "sed -E {s/^([[:space:]]+)pg_pin(.*)/\1pin\2\n\1    direction : "inout";/g} /openlane/pdks/sky130A/libs.ref/sky130_fd_sc_hd/lib/sky130_fd_sc_hd__tt_025C_1v80.lib > /openlane/designs/picorv32a_29/runs/RUN_2026.07.09_04.42.29/tmp/synthesis/2-sky130_fd_sc_hd__tt_025C_1v80.no_pg.lib"

Thu Jul 09 04:45:56 UTC 2026 - Executing "sed -E {s/^([[:space:]]+)pg_pin(.*)/\1pin\2\n\1    direction : "inout";/g} /openlane/designs/picorv32a_29/runs/RUN_2026.07.09_04.42.29/tmp/synthesis/trimmed.lib > /openlane/designs/picorv32a_29/runs/RUN_2026.07.09_04.42.29/tmp/synthesis/2-trimmed.no_pg.lib"

Thu Jul 09 04:45:57 UTC 2026 - Executing "yosys -c /openlane/scripts/yosys/synth.tcl |& tee /dev/null /dev/null"

Thu Jul 09 04:48:49 UTC 2026 - Executing "sed -i.bak /defparam/d /openlane/designs/picorv32a_29/runs/RUN_2026.07.09_04.42.29/tmp/synthesis/pg_define.v"

Thu Jul 09 04:48:57 UTC 2026 - Executing "openroad -exit /openlane/scripts/openroad/floorplan.tcl |& tee /dev/null /openlane/designs/picorv32a_29/runs/RUN_2026.07.09_04.42.29/logs/floorplan/3-initial_fp.log"

Thu Jul 09 04:49:01 UTC 2026 - Executing "openroad -exit -no_init -python /openlane/scripts/odbpy/defutil.py extract_core_dims --output-data /openlane/designs/picorv32a_29/runs/RUN_2026.07.09_04.42.29/tmp/dimensions.txt --input-lef /openlane/designs/picorv32a_29/runs/RUN_2026.07.09_04.42.29/tmp/merged.nom.lef /openlane/designs/picorv32a_29/runs/RUN_2026.07.09_04.42.29/tmp/floorplan/3-initial_fp.def"

Thu Jul 09 04:49:02 UTC 2026 - Executing "openroad -exit -no_init -python /openlane/scripts/odbpy/io_place.py --config /openlane/designs/picorv32a_29/pin_order.cfg --hor-layer met3 --ver-layer met2 --ver-width-mult 2 --hor-width-mult 2 --hor-extension 0 --ver-extension 0 --length 4 --unmatched-error --input-lef /openlane/designs/picorv32a_29/runs/RUN_2026.07.09_04.42.29/tmp/merged.nom.lef --output-def /openlane/designs/picorv32a_29/runs/RUN_2026.07.09_04.42.29/tmp/floorplan/4-io.def --output /openlane/designs/picorv32a_29/runs/RUN_2026.07.09_04.42.29/tmp/floorplan/4-io.odb /openlane/designs/picorv32a_29/runs/RUN_2026.07.09_04.42.29/tmp/floorplan/3-initial_fp.odb |& tee /dev/null /openlane/designs/picorv32a_29/runs/RUN_2026.07.09_04.42.29/logs/floorplan/4-place_io.log"

Thu Jul 09 04:49:05 UTC 2026 - Executing "openroad -exit /openlane/scripts/openroad/tapcell.tcl |& tee /dev/null /openlane/designs/picorv32a_29/runs/RUN_2026.07.09_04.42.29/logs/floorplan/5-tap.log"

Thu Jul 09 04:49:08 UTC 2026 - Executing "openroad -exit /openlane/scripts/openroad/pdn.tcl |& tee /dev/null /openlane/designs/picorv32a_29/runs/RUN_2026.07.09_04.42.29/logs/floorplan/6-pdn.log"

Thu Jul 09 04:49:19 UTC 2026 - Executing "openroad -exit /openlane/scripts/openroad/gpl.tcl |& tee /dev/null /openlane/designs/picorv32a_29/runs/RUN_2026.07.09_04.42.29/logs/placement/7-global.log"

Thu Jul 09 04:49:58 UTC 2026 - Executing "sed -i.bak -e {s/\(set ::env(CURRENT_NETLIST)\).*/\1 \/openlane\/designs\/picorv32a_29\/runs\/RUN_2026.07.09_04.42.29\/tmp\/placement\/7-global.nl.v/} /openlane/designs/picorv32a_29/runs/RUN_2026.07.09_04.42.29/config.tcl"

Thu Jul 09 04:49:59 UTC 2026 - Executing "openroad -exit /openlane/scripts/openroad/sta/multi_corner.tcl |& tee /dev/null /openlane/designs/picorv32a_29/runs/RUN_2026.07.09_04.42.29/logs/placement/8-gpl_sta.log"

Thu Jul 09 04:50:18 UTC 2026 - Executing "openroad -exit /openlane/scripts/openroad/resizer.tcl |& tee /dev/null /openlane/designs/picorv32a_29/runs/RUN_2026.07.09_04.42.29/logs/placement/9-resizer.log"

Thu Jul 09 04:50:31 UTC 2026 - Executing "sed -i.bak -e {s/\(set ::env(CURRENT_NETLIST)\).*/\1 \/openlane\/designs\/picorv32a_29\/runs\/RUN_2026.07.09_04.42.29\/tmp\/placement\/9-resizer.nl.v/} /openlane/designs/picorv32a_29/runs/RUN_2026.07.09_04.42.29/config.tcl"

Thu Jul 09 04:50:32 UTC 2026 - Executing "openroad -exit /openlane/scripts/openroad/dpl.tcl |& tee /dev/null /openlane/designs/picorv32a_29/runs/RUN_2026.07.09_04.42.29/logs/placement/10-detailed.log"

Thu Jul 09 04:50:36 UTC 2026 - Executing "sed -i.bak -e {s/\(set ::env(CURRENT_NETLIST)\).*/\1 \/openlane\/designs\/picorv32a_29\/runs\/RUN_2026.07.09_04.42.29\/results\/placement\/top.nl.v/} /openlane/designs/picorv32a_29/runs/RUN_2026.07.09_04.42.29/config.tcl"

Thu Jul 09 04:50:36 UTC 2026 - Executing "openroad -exit /openlane/scripts/openroad/sta/multi_corner.tcl |& tee /dev/null /openlane/designs/picorv32a_29/runs/RUN_2026.07.09_04.42.29/logs/placement/11-dpl_sta.log"

Thu Jul 09 04:50:55 UTC 2026 - Executing "openroad -exit /openlane/scripts/openroad/cts.tcl |& tee /dev/null /openlane/designs/picorv32a_29/runs/RUN_2026.07.09_04.42.29/logs/cts/12-cts.log"

Thu Jul 09 04:51:39 UTC 2026 - Executing "openroad -exit /openlane/scripts/openroad/sta/multi_corner.tcl |& tee /dev/null /openlane/designs/picorv32a_29/runs/RUN_2026.07.09_04.42.29/logs/cts/13-cts_sta.log"

Thu Jul 09 04:52:07 UTC 2026 - Executing "openroad -exit /openlane/scripts/openroad/resizer_timing.tcl |& tee /dev/null /openlane/designs/picorv32a_29/runs/RUN_2026.07.09_04.42.29/logs/cts/14-resizer.log"

Thu Jul 09 04:52:31 UTC 2026 - Executing "sed -i.bak -e {s/\(set ::env(CURRENT_NETLIST)\).*/\1 \/openlane\/designs\/picorv32a_29\/runs\/RUN_2026.07.09_04.42.29\/tmp\/cts\/14-top.resized.nl.v/} /openlane/designs/picorv32a_29/runs/RUN_2026.07.09_04.42.29/config.tcl"

Thu Jul 09 04:52:33 UTC 2026 - Executing "openroad -exit /openlane/scripts/openroad/resizer_routing_design.tcl |& tee /dev/null /openlane/designs/picorv32a_29/runs/RUN_2026.07.09_04.42.29/logs/routing/15-resizer_design.log"

Thu Jul 09 04:52:50 UTC 2026 - Executing "sed -i.bak -e {s/\(set ::env(CURRENT_NETLIST)\).*/\1 \/openlane\/designs\/picorv32a_29\/runs\/RUN_2026.07.09_04.42.29\/tmp\/15-top.nl.v/} /openlane/designs/picorv32a_29/runs/RUN_2026.07.09_04.42.29/config.tcl"

Thu Jul 09 04:52:51 UTC 2026 - Executing "openroad -exit /openlane/scripts/openroad/sta/multi_corner.tcl |& tee /dev/null /openlane/designs/picorv32a_29/runs/RUN_2026.07.09_04.42.29/logs/routing/16-rsz_design_sta.log"

Thu Jul 09 04:53:20 UTC 2026 - Executing "openroad -exit /openlane/scripts/openroad/resizer_routing_timing.tcl |& tee /dev/null /openlane/designs/picorv32a_29/runs/RUN_2026.07.09_04.42.29/logs/routing/17-resizer_timing.log"

Thu Jul 09 04:53:35 UTC 2026 - Executing "sed -i.bak -e {s/\(set ::env(CURRENT_NETLIST)\).*/\1 \/openlane\/designs\/picorv32a_29\/runs\/RUN_2026.07.09_04.42.29\/tmp\/17-top.nl.v/} /openlane/designs/picorv32a_29/runs/RUN_2026.07.09_04.42.29/config.tcl"

Thu Jul 09 04:53:36 UTC 2026 - Executing "openroad -exit /openlane/scripts/openroad/sta/multi_corner.tcl |& tee /dev/null /openlane/designs/picorv32a_29/runs/RUN_2026.07.09_04.42.29/logs/routing/18-rsz_timing_sta.log"

Thu Jul 09 04:54:04 UTC 2026 - Executing "openroad -exit -no_init -python /openlane/scripts/odbpy/diodes.py place --diode-cell sky130_fd_sc_hd__diode_2 --diode-pin DIODE --threshold Infinity --side-strategy source --port-protect both --input-lef /openlane/designs/picorv32a_29/runs/RUN_2026.07.09_04.42.29/tmp/merged.nom.lef --output-def /openlane/designs/picorv32a_29/runs/RUN_2026.07.09_04.42.29/tmp/routing/19-io_diodes.def --output /openlane/designs/picorv32a_29/runs/RUN_2026.07.09_04.42.29/tmp/routing/19-io_diodes.odb /openlane/designs/picorv32a_29/runs/RUN_2026.07.09_04.42.29/tmp/17-top.odb |& tee /dev/null /openlane/designs/picorv32a_29/runs/RUN_2026.07.09_04.42.29/logs/routing/19-io_diodes.log"

Thu Jul 09 04:54:08 UTC 2026 - Executing "openroad -exit /openlane/scripts/openroad/dpl.tcl |& tee /dev/null /openlane/designs/picorv32a_29/runs/RUN_2026.07.09_04.42.29/logs/routing/20-io_diode_legalization.log"

Thu Jul 09 04:54:12 UTC 2026 - Executing "sed -i.bak -e {s/\(set ::env(CURRENT_NETLIST)\).*/\1 \/openlane\/designs\/picorv32a_29\/runs\/RUN_2026.07.09_04.42.29\/tmp\/routing\/.\/19-io_diode_legalized.nl.v/} /openlane/designs/picorv32a_29/runs/RUN_2026.07.09_04.42.29/config.tcl"

Thu Jul 09 04:54:13 UTC 2026 - Executing "openroad -exit -no_init -python /openlane/scripts/odbpy/diodes.py place --diode-cell sky130_fd_sc_hd__diode_2 --diode-pin DIODE --threshold 90 --side-strategy source --port-protect none --input-lef /openlane/designs/picorv32a_29/runs/RUN_2026.07.09_04.42.29/tmp/merged.nom.lef --output-def /openlane/designs/picorv32a_29/runs/RUN_2026.07.09_04.42.29/tmp/routing/21-diodes.def --output /openlane/designs/picorv32a_29/runs/RUN_2026.07.09_04.42.29/tmp/routing/21-diodes.odb /openlane/designs/picorv32a_29/runs/RUN_2026.07.09_04.42.29/tmp/routing/./19-io_diode_legalized.odb |& tee /dev/null /openlane/designs/picorv32a_29/runs/RUN_2026.07.09_04.42.29/logs/routing/21-diodes.log"

Thu Jul 09 04:54:17 UTC 2026 - Executing "openroad -exit /openlane/scripts/openroad/dpl.tcl |& tee /dev/null /openlane/designs/picorv32a_29/runs/RUN_2026.07.09_04.42.29/logs/routing/22-diode_legalization.log"

Thu Jul 09 04:54:21 UTC 2026 - Executing "sed -i.bak -e {s/\(set ::env(CURRENT_NETLIST)\).*/\1 \/openlane\/designs\/picorv32a_29\/runs\/RUN_2026.07.09_04.42.29\/tmp\/routing\/.\/21-diodes_legalized.nl.v/} /openlane/designs/picorv32a_29/runs/RUN_2026.07.09_04.42.29/config.tcl"

Thu Jul 09 04:54:23 UTC 2026 - Executing "openroad -exit /openlane/scripts/openroad/groute.tcl |& tee /dev/null /openlane/designs/picorv32a_29/runs/RUN_2026.07.09_04.42.29/logs/routing/23-global.log"

Thu Jul 09 04:54:36 UTC 2026 - Executing "openroad -exit /openlane/scripts/openroad/write_views.tcl |& tee /dev/null /openlane/designs/picorv32a_29/runs/RUN_2026.07.09_04.42.29/logs/routing/23-global_write_netlist.log"

Thu Jul 09 04:54:38 UTC 2026 - Executing "sed -i.bak -e {s/\(set ::env(CURRENT_NETLIST)\).*/\1 \/openlane\/designs\/picorv32a_29\/runs\/RUN_2026.07.09_04.42.29\/tmp\/routing\/global.nl.v/} /openlane/designs/picorv32a_29/runs/RUN_2026.07.09_04.42.29/config.tcl"

Thu Jul 09 04:54:39 UTC 2026 - Executing "openroad -exit /openlane/scripts/openroad/sta/multi_corner.tcl |& tee /dev/null /openlane/designs/picorv32a_29/runs/RUN_2026.07.09_04.42.29/logs/routing/25-grt_sta.log"

Thu Jul 09 04:55:07 UTC 2026 - Executing "openroad -exit /openlane/scripts/openroad/fill.tcl |& tee /dev/null /openlane/designs/picorv32a_29/runs/RUN_2026.07.09_04.42.29/logs/routing/26-fill.log"

Thu Jul 09 04:55:12 UTC 2026 - Executing "sed -i.bak -e {s/\(set ::env(CURRENT_NETLIST)\).*/\1 \/openlane\/designs\/picorv32a_29\/runs\/RUN_2026.07.09_04.42.29\/tmp\/routing\/26-fill.nl.v/} /openlane/designs/picorv32a_29/runs/RUN_2026.07.09_04.42.29/config.tcl"

Thu Jul 09 04:55:13 UTC 2026 - Executing "openroad -exit /openlane/scripts/openroad/droute.tcl |& tee /dev/null /openlane/designs/picorv32a_29/runs/RUN_2026.07.09_04.42.29/logs/routing/27-detailed.log"

Thu Jul 09 05:19:24 UTC 2026 - Executing "sed -i.bak -e {s/\(set ::env(CURRENT_NETLIST)\).*/\1 \/openlane\/designs\/picorv32a_29\/runs\/RUN_2026.07.09_04.42.29\/results\/routing\/top.nl.v/} /openlane/designs/picorv32a_29/runs/RUN_2026.07.09_04.42.29/config.tcl"

Thu Jul 09 05:19:24 UTC 2026 - Executing "python3 /openlane/scripts/drc_rosetta.py tr to_klayout -o /openlane/designs/picorv32a_29/runs/RUN_2026.07.09_04.42.29/reports/routing/drt.klayout.xml --design-name top /openlane/designs/picorv32a_29/runs/RUN_2026.07.09_04.42.29/reports/routing/drt.drc"

Thu Jul 09 05:19:25 UTC 2026 - Executing "openroad -exit -no_init -python /openlane/scripts/odbpy/wire_lengths.py --report-out /openlane/designs/picorv32a_29/runs/RUN_2026.07.09_04.42.29/reports/routing/28-wire_lengths.csv --input-lef /openlane/designs/picorv32a_29/runs/RUN_2026.07.09_04.42.29/tmp/merged.nom.lef --output-def /dev/null --output /openlane/designs/picorv32a_29/runs/RUN_2026.07.09_04.42.29/results/routing/top.odb /openlane/designs/picorv32a_29/runs/RUN_2026.07.09_04.42.29/results/routing/top.odb |& tee /dev/null /openlane/designs/picorv32a_29/runs/RUN_2026.07.09_04.42.29/logs/routing/28-wire_lengths.log"

Thu Jul 09 05:19:31 UTC 2026 - Executing "openroad -exit /openlane/scripts/openroad/rcx.tcl |& tee /dev/null /openlane/designs/picorv32a_29/runs/RUN_2026.07.09_04.42.29/logs/signoff/29-parasitics_extraction.min.log"

Thu Jul 09 05:19:54 UTC 2026 - Executing "sta -exit -no_init /openlane/scripts/openroad/sta/multi_corner.tcl |& tee /dev/null /openlane/designs/picorv32a_29/runs/RUN_2026.07.09_04.42.29/logs/signoff/30-rcx_mcsta.min.log"

Thu Jul 09 05:21:24 UTC 2026 - Executing "openroad -exit /openlane/scripts/openroad/rcx.tcl |& tee /dev/null /openlane/designs/picorv32a_29/runs/RUN_2026.07.09_04.42.29/logs/signoff/31-parasitics_extraction.max.log"

Thu Jul 09 05:21:46 UTC 2026 - Executing "sta -exit -no_init /openlane/scripts/openroad/sta/multi_corner.tcl |& tee /dev/null /openlane/designs/picorv32a_29/runs/RUN_2026.07.09_04.42.29/logs/signoff/32-rcx_mcsta.max.log"

Thu Jul 09 05:23:21 UTC 2026 - Executing "openroad -exit /openlane/scripts/openroad/rcx.tcl |& tee /dev/null /openlane/designs/picorv32a_29/runs/RUN_2026.07.09_04.42.29/logs/signoff/33-parasitics_extraction.nom.log"

Thu Jul 09 05:23:44 UTC 2026 - Executing "sta -exit -no_init /openlane/scripts/openroad/sta/multi_corner.tcl |& tee /dev/null /openlane/designs/picorv32a_29/runs/RUN_2026.07.09_04.42.29/logs/signoff/34-rcx_mcsta.nom.log"

Thu Jul 09 05:25:16 UTC 2026 - Executing "sta -exit -no_init /openlane/scripts/openroad/sta/multi_corner.tcl |& tee /dev/null /openlane/designs/picorv32a_29/runs/RUN_2026.07.09_04.42.29/logs/signoff/35-rcx_sta.log"

Thu Jul 09 05:25:49 UTC 2026 - Executing "magic -noconsole -dnull -rcfile /openlane/pdks/sky130A/libs.tech/magic/sky130A.magicrc < /openlane/scripts/magic/wrapper.tcl |& tee /dev/null /openlane/designs/picorv32a_29/runs/RUN_2026.07.09_04.42.29/logs/signoff/36-gdsii.log"

Thu Jul 09 05:26:36 UTC 2026 - Executing "magic -noconsole -dnull -rcfile /openlane/pdks/sky130A/libs.tech/magic/sky130A.magicrc < /openlane/scripts/magic/wrapper.tcl |& tee /dev/null /openlane/designs/picorv32a_29/runs/RUN_2026.07.09_04.42.29/logs/signoff/36-gds_ptrs.log"

Thu Jul 09 05:27:01 UTC 2026 - Executing "sed -i.bak -n {/^<< properties >>/,/^<< end >>/p} /openlane/designs/picorv32a_29/runs/RUN_2026.07.09_04.42.29/tmp/signoff/gds_ptrs.mag"

Thu Jul 09 05:27:03 UTC 2026 - Executing "magic -noconsole -dnull -rcfile /openlane/pdks/sky130A/libs.tech/magic/sky130A.magicrc < /openlane/scripts/magic/wrapper.tcl |& tee /dev/null /openlane/designs/picorv32a_29/runs/RUN_2026.07.09_04.42.29/logs/signoff/36-lef.log"

Thu Jul 09 05:27:50 UTC 2026 - Executing "magic -noconsole -dnull -rcfile /openlane/pdks/sky130A/libs.tech/magic/sky130A.magicrc < /openlane/scripts/magic/wrapper.tcl |& tee /dev/null /openlane/designs/picorv32a_29/runs/RUN_2026.07.09_04.42.29/logs/signoff/36-maglef.log"

Thu Jul 09 05:27:52 UTC 2026 - Executing "python3 /openlane/scripts/klayout/stream_out.py --output /openlane/designs/picorv32a_29/runs/RUN_2026.07.09_04.42.29/results/signoff/top.klayout.gds --lyt /openlane/pdks/sky130A/libs.tech/klayout/tech/sky130A.lyt --lym /openlane/pdks/sky130A/libs.tech/klayout/tech/sky130A.map --lyp /openlane/pdks/sky130A/libs.tech/klayout/tech/sky130A.lyp --top top --with-gds-file /openlane/pdks/sky130A/libs.ref/sky130_fd_sc_hd/gds/sky130_fd_sc_hd.gds --input-lef /openlane/designs/picorv32a_29/runs/RUN_2026.07.09_04.42.29/tmp/merged.nom.lef /openlane/designs/picorv32a_29/runs/RUN_2026.07.09_04.42.29/results/routing/top.def |& tee /dev/null /openlane/designs/picorv32a_29/runs/RUN_2026.07.09_04.42.29/logs/signoff/37-gdsii-klayout.log"

Thu Jul 09 05:27:57 UTC 2026 - Executing "magic -noconsole -dnull -rcfile /openlane/pdks/sky130A/libs.tech/magic/sky130A.magicrc < /openlane/scripts/magic/wrapper.tcl |& tee /dev/null /openlane/designs/picorv32a_29/runs/RUN_2026.07.09_04.42.29/logs/signoff/38-spice.log"

Thu Jul 09 05:33:24 UTC 2026 - Executing "openroad -exit -no_init -python /openlane/scripts/odbpy/power_utils.py write_powered_def --output /openlane/designs/picorv32a_29/runs/RUN_2026.07.09_04.42.29/tmp/signoff/38-top.p.def --input-lef /openlane/designs/picorv32a_29/runs/RUN_2026.07.09_04.42.29/tmp/merged.nom.lef --power-port VPWR --ground-port VGND --powered-netlist /openlane/designs/picorv32a_29/runs/RUN_2026.07.09_04.42.29/tmp/synthesis/pg_define.v /openlane/designs/picorv32a_29/runs/RUN_2026.07.09_04.42.29/results/routing/top.def |& tee /dev/null /openlane/designs/picorv32a_29/runs/RUN_2026.07.09_04.42.29/logs/signoff/39-write_powered_def.log"

Thu Jul 09 05:33:32 UTC 2026 - Executing "openroad -exit /openlane/scripts/openroad/write_views.tcl |& tee /dev/null /openlane/designs/picorv32a_29/runs/RUN_2026.07.09_04.42.29/logs/signoff/39-write_powered_verilog.log"

Thu Jul 09 05:33:48 UTC 2026 - Executing "sed -i.bak -e {s/\(set ::env(CURRENT_NETLIST)\).*/\1 \/openlane\/designs\/picorv32a_29\/runs\/RUN_2026.07.09_04.42.29\/tmp\/signoff\/38-top.nl.v/} /openlane/designs/picorv32a_29/runs/RUN_2026.07.09_04.42.29/config.tcl"

Thu Jul 09 05:33:52 UTC 2026 - Executing "netgen -batch source /openlane/designs/picorv32a_29/runs/RUN_2026.07.09_04.42.29/tmp/signoff/41-setup_file.lef.lvs |& tee /dev/null /openlane/designs/picorv32a_29/runs/RUN_2026.07.09_04.42.29/logs/signoff/41-lvs.lef.log"

Thu Jul 09 05:34:42 UTC 2026 - Executing "magic -noconsole -dnull -rcfile /openlane/pdks/sky130A/libs.tech/magic/sky130A.magicrc < /openlane/scripts/magic/wrapper.tcl |& tee /dev/null /openlane/designs/picorv32a_29/runs/RUN_2026.07.09_04.42.29/logs/signoff/42-drc.log"

Thu Jul 09 05:35:47 UTC 2026 - Executing "python3 /openlane/scripts/drc_rosetta.py magic to_tcl -o /openlane/designs/picorv32a_29/runs/RUN_2026.07.09_04.42.29/reports/signoff/drc.tcl /openlane/designs/picorv32a_29/runs/RUN_2026.07.09_04.42.29/reports/signoff/drc.rpt"

Thu Jul 09 05:35:48 UTC 2026 - Executing "python3 /openlane/scripts/drc_rosetta.py magic to_tr -o /openlane/designs/picorv32a_29/runs/RUN_2026.07.09_04.42.29/reports/signoff/drc.tr /openlane/designs/picorv32a_29/runs/RUN_2026.07.09_04.42.29/reports/signoff/drc.rpt"

Thu Jul 09 05:35:49 UTC 2026 - Executing "python3 /openlane/scripts/drc_rosetta.py tr to_klayout -o /openlane/designs/picorv32a_29/runs/RUN_2026.07.09_04.42.29/reports/signoff/drc.klayout.xml --design-name top /openlane/designs/picorv32a_29/runs/RUN_2026.07.09_04.42.29/reports/signoff/drc.tr"

Thu Jul 09 05:35:49 UTC 2026 - Executing "python3 /openlane/scripts/drc_rosetta.py magic to_rdb -o /openlane/designs/picorv32a_29/runs/RUN_2026.07.09_04.42.29/reports/signoff/drc.rdb /openlane/designs/picorv32a_29/runs/RUN_2026.07.09_04.42.29/reports/signoff/drc.rpt"

Thu Jul 09 05:35:52 UTC 2026 - Executing "openroad -exit /openlane/scripts/openroad/antenna_check.tcl |& tee /dev/null /openlane/designs/picorv32a_29/runs/RUN_2026.07.09_04.42.29/logs/signoff/43-arc.log"

Thu Jul 09 05:36:14 UTC 2026 - Executing "python3 /openlane/scripts/extract_antenna_violators.py --output /openlane/designs/picorv32a_29/runs/RUN_2026.07.09_04.42.29/reports/signoff/43-antenna_violators.rpt --plain-out /openlane/designs/picorv32a_29/runs/RUN_2026.07.09_04.42.29/reports/signoff/43-antenna_violators_pins.txt /openlane/designs/picorv32a_29/runs/RUN_2026.07.09_04.42.29/logs/signoff/43-arc.log"

Thu Jul 09 05:36:16 UTC 2026 - Executing "awk -v vdd=VPWR -v gnd=VGND -f /openlane/pdks/sky130A/libs.tech/openlane/cvc/power.awk /openlane/designs/picorv32a_29/runs/RUN_2026.07.09_04.42.29/tmp/signoff/38-top.nl.v > /openlane/designs/picorv32a_29/runs/RUN_2026.07.09_04.42.29/tmp/signoff/top.power"

Thu Jul 09 05:36:17 UTC 2026 - Executing "awk -f /openlane/pdks/sky130A/libs.tech/openlane/cvc/cdl.awk /openlane/pdks/sky130A/libs.ref/sky130_fd_sc_hd/cdl/sky130_fd_sc_hd.cdl /openlane/designs/picorv32a_29/runs/RUN_2026.07.09_04.42.29/results/signoff/top.lef.spice > /openlane/designs/picorv32a_29/runs/RUN_2026.07.09_04.42.29/tmp/signoff/top.cdl"

Thu Jul 09 05:36:17 UTC 2026 - Executing "cvc_rv /openlane/pdks/sky130A/libs.tech/openlane/cvc/cvcrc |& tee /dev/null /openlane/designs/picorv32a_29/runs/RUN_2026.07.09_04.42.29/logs/signoff/44-erc_screen.log"

