OpenROAD 41a51eaf4ca2171c92ff38afb91eb37bbd3f36da 
This program is licensed under the BSD-3 license. See the LICENSE file for details.
Components of this program may be licensed under more restrictive licenses which must be honored.
[INFO]: Reading ODB at '/openlane/designs/picorv32a_29/runs/RUN_2026.07.09_04.42.29/results/placement/top.odb'…
define_corners Slowest Typical Fastest
read_liberty -corner Slowest /openlane/designs/picorv32a_29/runs/RUN_2026.07.09_04.42.29/tmp/cts/cts-slowest.lib
read_liberty -corner Typical /openlane/designs/picorv32a_29/runs/RUN_2026.07.09_04.42.29/tmp/cts/cts.lib
read_liberty -corner Fastest /openlane/designs/picorv32a_29/runs/RUN_2026.07.09_04.42.29/tmp/cts/cts-fastest.lib
Using 1e-12 for capacitance...
Using 1e+03 for resistance...
Using 1e-09 for time...
Using 1e+00 for voltage...
Using 1e-03 for current...
Using 1e-09 for power...
Using 1e-06 for distance...
Reading design constraints file at '/openlane/designs/picorv32a_29/runs/RUN_2026.07.09_04.42.29/tmp/placement/9-resizer.sdc'…
[INFO]: Setting RC values...
[INFO]: Configuring cts characterization...
[INFO]: Performing clock tree synthesis...
[INFO]: Looking for the following net(s): clk
[INFO]: Running Clock Tree Synthesis...
[INFO CTS-0049] Characterization buffer is: sky130_fd_sc_hd__clkbuf_16.
[INFO CTS-0038] Number of created patterns = 50000.
[INFO CTS-0038] Number of created patterns = 100000.
[INFO CTS-0039] Number of created patterns = 141984.
[INFO CTS-0084] Compiling LUT.
Min. len    Max. len    Min. cap    Max. cap    Min. slew   Max. slew
2           8           1           34          1           12          
[WARNING CTS-0043] 4896 wires are pure wire and no slew degradation.
TritonCTS forced slew degradation on these wires.
[INFO CTS-0046]     Number of wire segments: 141984.
[INFO CTS-0047]     Number of keys in characterization LUT: 1668.
[INFO CTS-0048]     Actual min input cap: 1.
[INFO CTS-0007] Net "clk" found for clock "clk".
[INFO CTS-0010]  Clock net "clk" has 3948 sinks.
[INFO CTS-0008] TritonCTS found 1 clock nets.
[INFO CTS-0097] Characterization used 3 buffer(s) types.
[INFO CTS-0027] Generating H-Tree topology for net clk.
[INFO CTS-0028]  Total number of sinks: 3948.
[INFO CTS-0029]  Sinks will be clustered in groups of up to 25 and with maximum cluster diameter of 50.0 um.
[INFO CTS-0030]  Number of static layers: 0.
[INFO CTS-0020]  Wire segment unit: 13000  dbu (13 um).
[INFO CTS-0019]  Total number of sinks after clustering: 365.
[INFO CTS-0024]  Normalized sink region: [(1.33813, 13.4019), (75.5996, 61.0837)].
[INFO CTS-0025]     Width:  74.2615.
[INFO CTS-0026]     Height: 47.6819.
 Level 1
    Direction: Horizontal
    Sinks per sub-region: 183
    Sub-region size: 37.1307 X 47.6819
[INFO CTS-0034]     Segment length (rounded): 18.
    Key: 4133 inSlew: 1 inCap: 1 outSlew: 2 load: 1 length: 8 delay: 1
    Key: 4133 inSlew: 1 inCap: 1 outSlew: 2 load: 1 length: 8 delay: 1
    Key: 39 inSlew: 2 inCap: 1 outSlew: 3 load: 1 length: 2 delay: 1
 Level 2
    Direction: Vertical
    Sinks per sub-region: 92
    Sub-region size: 37.1307 X 23.8409
[INFO CTS-0034]     Segment length (rounded): 12.
    Key: 1082 inSlew: 3 inCap: 1 outSlew: 1 load: 1 length: 8 delay: 10
      location: 0.25 buffer: sky130_fd_sc_hd__clkbuf_16
    Key: 252 inSlew: 1 inCap: 1 outSlew: 2 load: 1 length: 4 delay: 1
 Level 3
    Direction: Horizontal
    Sinks per sub-region: 46
    Sub-region size: 18.5654 X 23.8409
[INFO CTS-0034]     Segment length (rounded): 10.
    Key: 4133 inSlew: 1 inCap: 1 outSlew: 2 load: 1 length: 8 delay: 1
    Key: 39 inSlew: 2 inCap: 1 outSlew: 3 load: 1 length: 2 delay: 1
 Out of 74 sinks, 1 sinks closer to other cluster.
 Level 4
    Direction: Vertical
    Sinks per sub-region: 23
    Sub-region size: 18.5654 X 11.9205
[INFO CTS-0034]     Segment length (rounded): 6.
    Key: 290 inSlew: 3 inCap: 1 outSlew: 1 load: 1 length: 6 delay: 10
      location: 0.333333 buffer: sky130_fd_sc_hd__clkbuf_16
 Level 5
    Direction: Horizontal
    Sinks per sub-region: 12
    Sub-region size: 9.2827 X 11.9205
[INFO CTS-0034]     Segment length (rounded): 4.
    Key: 252 inSlew: 1 inCap: 1 outSlew: 2 load: 1 length: 4 delay: 1
[INFO CTS-0032]  Stop criterion found. Max number of sinks is 15.
[INFO CTS-0035]  Number of sinks covered: 365.
[INFO CTS-0018]     Created 417 clock buffers.
[INFO CTS-0012]     Minimum number of buffers in the clock path: 4.
[INFO CTS-0013]     Maximum number of buffers in the clock path: 5.
[INFO CTS-0015]     Created 417 clock nets.
[INFO CTS-0016]     Fanout distribution for the current clock = 2:3, 3:3, 4:6, 5:10, 6:23, 7:30, 8:22, 9:35, 10:39, 11:45, 12:56, 13:44, 14:19, 15:25, 16:20, 17:8, 18:1, 19:2, 20:3, 21:2..
[INFO CTS-0017]     Max level of the clock tree: 5.
[INFO CTS-0098] Clock net "clk"
[INFO CTS-0099]  Sinks 3948
[INFO CTS-0100]  Leaf buffers 364
[INFO CTS-0101]  Average sink wire length 1168.67 um
[INFO CTS-0102]  Path depth 4 - 5
[INFO]: Repairing long wires on clock nets...
[INFO RSZ-0058] Using max wire length 4508um.
Setting global connections for newly added cells…
Writing OpenROAD database to '/openlane/designs/picorv32a_29/runs/RUN_2026.07.09_04.42.29/results/cts/top.odb'…
Writing layout to '/openlane/designs/picorv32a_29/runs/RUN_2026.07.09_04.42.29/results/cts/top.def'…
Writing timing constraints to '/openlane/designs/picorv32a_29/runs/RUN_2026.07.09_04.42.29/results/cts/top.sdc'…
[INFO]: Legalizing...
Placement Analysis
---------------------------------
total displacement       3268.5 u
average displacement        0.1 u
max displacement            8.7 u
original HPWL          713687.1 u
legalized HPWL         725915.1 u
delta HPWL                    2 %

[INFO DPL-0020] Mirrored 5692 instances
[INFO DPL-0021] HPWL before          725915.1 u
[INFO DPL-0022] HPWL after           715390.8 u
[INFO DPL-0023] HPWL delta               -1.4 %
Setting global connections for newly added cells…
Writing OpenROAD database to '/openlane/designs/picorv32a_29/runs/RUN_2026.07.09_04.42.29/results/cts/top.odb'…
Writing layout to '/openlane/designs/picorv32a_29/runs/RUN_2026.07.09_04.42.29/results/cts/top.def'…
Writing timing constraints to '/openlane/designs/picorv32a_29/runs/RUN_2026.07.09_04.42.29/results/cts/top.sdc'…
cts_report
[INFO CTS-0003] Total number of Clock Roots: 1.
[INFO CTS-0004] Total number of Buffers Inserted: 417.
[INFO CTS-0005] Total number of Clock Subnets: 417.
[INFO CTS-0006] Total number of Sinks: 3948.
cts_report_end
